<?xml version="1.0" encoding="UTF-8"?>
<!-- Generated by org.testng.reporters.JUnitXMLReporter -->
<testsuite ignored="0" hostname="LAPTOP-OSP7GU8K" failures="0" tests="5" name="Default test" time="37.132" errors="0" timestamp="2025-11-03T20:30:51 IST">
  <testcase classname="campaignTest.CreateCampaign_Test" name="CreateCampaign_CompleteTest" time="4.411"/>
  <testcase classname="campaignTest.CreateCampaign_Test" name="CreateCampaign_With_ExpectedCloseDate_Test" time="2.142"/>
  <testcase classname="campaignTest.CreateCampaign_Test" name="CreateCampaign_With_MandatoryFields_Test" time="1.886"/>
  <testcase classname="campaignTest.CreateCampaign_Test" name="CreateCampaign_With_status_Test" time="2.092"/>
  <testcase classname="genericUtilities.BaseClass" name="Test" time="0.001"/>
</testsuite> <!-- Default test -->
