<?xml version="1.0" encoding="UTF-8"?>
<!-- Generated by org.testng.reporters.JUnitXMLReporter -->
<testsuite ignored="0" hostname="LAPTOP-OSP7GU8K" failures="0" tests="3" name="Default test" time="71.259" errors="0" timestamp="2025-11-13T00:24:51 IST">
  <testcase classname="contactTest.CreateContactTest" name="CreateContact_With_Department_Test" time="8.096"/>
  <testcase classname="contactTest.CreateContactTest" name="CreateContact_With_Email_Test" time="5.882"/>
  <testcase classname="contactTest.CreateContactTest" name="CreateContact_With_MandatoryFields_Test" time="5.9"/>
</testsuite> <!-- Default test -->
