<?xml version="1.0" encoding="UTF-8"?>
<testng-results ignored="0" total="5" passed="5" failed="0" skipped="0">
  <reporter-output>
    <line>
      <![CDATA[Launching the Browser]]>
    </line>
    <line>
      <![CDATA[Driver Quit]]>
    </line>
  </reporter-output>
  <suite started-at="2025-11-03T20:30:14 IST" name="Default suite" finished-at="2025-11-03T20:30:51 IST" duration-ms="37132">
    <groups>
    </groups>
    <test started-at="2025-11-03T20:30:14 IST" name="Default test" finished-at="2025-11-03T20:30:51 IST" duration-ms="37132">
      <class name="campaignTest.CreateCampaign_Test">
        <test-method is-config="true" signature="beforeSuite()[pri:0, instance:campaignTest.CreateCampaign_Test@247bddad]" started-at="2025-11-03T20:30:14 IST" name="beforeSuite" finished-at="2025-11-03T20:30:14 IST" duration-ms="9" status="PASS">
          <reporter-output>
          </reporter-output>
        </test-method> <!-- beforeSuite -->
        <test-method is-config="true" signature="beforeTest()[pri:0, instance:campaignTest.CreateCampaign_Test@247bddad]" started-at="2025-11-03T20:30:14 IST" name="beforeTest" finished-at="2025-11-03T20:30:14 IST" duration-ms="1" status="PASS">
          <reporter-output>
          </reporter-output>
        </test-method> <!-- beforeTest -->
        <test-method is-config="true" signature="beforeClass()[pri:0, instance:campaignTest.CreateCampaign_Test@247bddad]" started-at="2025-11-03T20:30:14 IST" name="beforeClass" finished-at="2025-11-03T20:30:15 IST" duration-ms="1558" status="PASS">
          <reporter-output>
            <line>
              <![CDATA[Launching the Browser]]>
            </line>
          </reporter-output>
        </test-method> <!-- beforeClass -->
        <test-method is-config="true" signature="beforeMethod()[pri:0, instance:campaignTest.CreateCampaign_Test@247bddad]" started-at="2025-11-03T20:30:15 IST" name="beforeMethod" finished-at="2025-11-03T20:30:18 IST" duration-ms="2484" status="PASS">
          <reporter-output>
          </reporter-output>
        </test-method> <!-- beforeMethod -->
        <test-method signature="CreateCampaign_CompleteTest()[pri:0, instance:campaignTest.CreateCampaign_Test@247bddad]" started-at="2025-11-03T20:30:18 IST" name="CreateCampaign_CompleteTest" finished-at="2025-11-03T20:30:22 IST" duration-ms="4411" status="PASS">
          <reporter-output>
          </reporter-output>
        </test-method> <!-- CreateCampaign_CompleteTest -->
        <test-method is-config="true" signature="afterMethod()[pri:0, instance:campaignTest.CreateCampaign_Test@247bddad]" started-at="2025-11-03T20:30:22 IST" name="afterMethod" finished-at="2025-11-03T20:30:24 IST" duration-ms="1999" status="PASS">
          <reporter-output>
          </reporter-output>
        </test-method> <!-- afterMethod -->
        <test-method is-config="true" signature="beforeMethod()[pri:0, instance:campaignTest.CreateCampaign_Test@247bddad]" started-at="2025-11-03T20:30:24 IST" name="beforeMethod" finished-at="2025-11-03T20:30:26 IST" duration-ms="2097" status="PASS">
          <reporter-output>
          </reporter-output>
        </test-method> <!-- beforeMethod -->
        <test-method signature="CreateCampaign_With_ExpectedCloseDate_Test()[pri:0, instance:campaignTest.CreateCampaign_Test@247bddad]" started-at="2025-11-03T20:30:26 IST" name="CreateCampaign_With_ExpectedCloseDate_Test" finished-at="2025-11-03T20:30:28 IST" duration-ms="2142" status="PASS">
          <reporter-output>
          </reporter-output>
        </test-method> <!-- CreateCampaign_With_ExpectedCloseDate_Test -->
        <test-method is-config="true" signature="afterMethod()[pri:0, instance:campaignTest.CreateCampaign_Test@247bddad]" started-at="2025-11-03T20:30:29 IST" name="afterMethod" finished-at="2025-11-03T20:30:31 IST" duration-ms="2781" status="PASS">
          <reporter-output>
          </reporter-output>
        </test-method> <!-- afterMethod -->
        <test-method is-config="true" signature="beforeMethod()[pri:0, instance:campaignTest.CreateCampaign_Test@247bddad]" started-at="2025-11-03T20:30:31 IST" name="beforeMethod" finished-at="2025-11-03T20:30:33 IST" duration-ms="2201" status="PASS">
          <reporter-output>
          </reporter-output>
        </test-method> <!-- beforeMethod -->
        <test-method signature="CreateCampaign_With_MandatoryFields_Test()[pri:0, instance:campaignTest.CreateCampaign_Test@247bddad]" started-at="2025-11-03T20:30:33 IST" name="CreateCampaign_With_MandatoryFields_Test" finished-at="2025-11-03T20:30:35 IST" duration-ms="1886" status="PASS">
          <reporter-output>
          </reporter-output>
        </test-method> <!-- CreateCampaign_With_MandatoryFields_Test -->
        <test-method is-config="true" signature="afterMethod()[pri:0, instance:campaignTest.CreateCampaign_Test@247bddad]" started-at="2025-11-03T20:30:35 IST" name="afterMethod" finished-at="2025-11-03T20:30:38 IST" duration-ms="2443" status="PASS">
          <reporter-output>
          </reporter-output>
        </test-method> <!-- afterMethod -->
        <test-method is-config="true" signature="beforeMethod()[pri:0, instance:campaignTest.CreateCampaign_Test@247bddad]" started-at="2025-11-03T20:30:38 IST" name="beforeMethod" finished-at="2025-11-03T20:30:40 IST" duration-ms="2267" status="PASS">
          <reporter-output>
          </reporter-output>
        </test-method> <!-- beforeMethod -->
        <test-method signature="CreateCampaign_With_status_Test()[pri:0, instance:campaignTest.CreateCampaign_Test@247bddad]" started-at="2025-11-03T20:30:40 IST" name="CreateCampaign_With_status_Test" finished-at="2025-11-03T20:30:42 IST" duration-ms="2092" status="PASS">
          <reporter-output>
          </reporter-output>
        </test-method> <!-- CreateCampaign_With_status_Test -->
        <test-method is-config="true" signature="afterMethod()[pri:0, instance:campaignTest.CreateCampaign_Test@247bddad]" started-at="2025-11-03T20:30:42 IST" name="afterMethod" finished-at="2025-11-03T20:30:45 IST" duration-ms="2562" status="PASS">
          <reporter-output>
          </reporter-output>
        </test-method> <!-- afterMethod -->
        <test-method is-config="true" signature="beforeMethod()[pri:0, instance:campaignTest.CreateCampaign_Test@247bddad]" started-at="2025-11-03T20:30:45 IST" name="beforeMethod" finished-at="2025-11-03T20:30:48 IST" duration-ms="3076" status="PASS">
          <reporter-output>
          </reporter-output>
        </test-method> <!-- beforeMethod -->
        <test-method signature="Test()[pri:0, instance:campaignTest.CreateCampaign_Test@247bddad]" started-at="2025-11-03T20:30:48 IST" name="Test" finished-at="2025-11-03T20:30:48 IST" duration-ms="1" status="PASS">
          <reporter-output>
          </reporter-output>
        </test-method> <!-- Test -->
        <test-method is-config="true" signature="afterMethod()[pri:0, instance:campaignTest.CreateCampaign_Test@247bddad]" started-at="2025-11-03T20:30:48 IST" name="afterMethod" finished-at="2025-11-03T20:30:51 IST" duration-ms="2787" status="PASS">
          <reporter-output>
          </reporter-output>
        </test-method> <!-- afterMethod -->
        <test-method is-config="true" signature="afterClass()[pri:0, instance:campaignTest.CreateCampaign_Test@247bddad]" started-at="2025-11-03T20:30:51 IST" name="afterClass" finished-at="2025-11-03T20:30:51 IST" duration-ms="260" status="PASS">
          <reporter-output>
            <line>
              <![CDATA[Driver Quit]]>
            </line>
          </reporter-output>
        </test-method> <!-- afterClass -->
        <test-method is-config="true" signature="afterTest()[pri:0, instance:campaignTest.CreateCampaign_Test@247bddad]" started-at="2025-11-03T20:30:51 IST" name="afterTest" finished-at="2025-11-03T20:30:51 IST" duration-ms="1" status="PASS">
          <reporter-output>
          </reporter-output>
        </test-method> <!-- afterTest -->
        <test-method is-config="true" signature="afterSuite()[pri:0, instance:campaignTest.CreateCampaign_Test@247bddad]" started-at="2025-11-03T20:30:51 IST" name="afterSuite" finished-at="2025-11-03T20:30:51 IST" duration-ms="1" status="PASS">
          <reporter-output>
          </reporter-output>
        </test-method> <!-- afterSuite -->
      </class> <!-- campaignTest.CreateCampaign_Test -->
    </test> <!-- Default test -->
  </suite> <!-- Default suite -->
</testng-results>
