<?xml version="1.0" encoding="UTF-8"?>
<!-- Generated by org.testng.reporters.JUnitReportReporter -->
<testsuite hostname="LAPTOP-OSP7GU8K" failures="0" tests="4" name="contactTest.CreateContactTest" time="116.312" errors="0" timestamp="2025-10-29T23:45:00 IST" skipped="0">
  <testcase classname="contactTest.CreateContactTest" name="Test" time="23.593"/>
  <testcase classname="contactTest.CreateContactTest" name="CreateContact_With_MandatoryFields_Test" time="15.678"/>
  <testcase classname="contactTest.CreateContactTest" name="CreateContact_With_Department_Test" time="29.143"/>
  <testcase classname="contactTest.CreateContactTest" name="CreateContact_With_Email_Test" time="47.898"/>
  <system-out>
    <![CDATA[Launching the Browser
Driver Quit]]>
  </system-out>
</testsuite> <!-- contactTest.CreateContactTest -->
