<?xml version="1.0" encoding="UTF-8"?>
<!-- Generated by org.testng.reporters.JUnitReportReporter -->
<testsuite hostname="LAPTOP-OSP7GU8K" failures="0" tests="2" name="ninjaCRM.ExampleTest" time="0.016" errors="0" timestamp="2025-10-27T20:30:59 IST" skipped="0">
  <testcase classname="ninjaCRM.ExampleTest" name="test2" time="0.003">
    <system-out>
      <![CDATA[Test2]]>
    </system-out>
  </testcase> <!-- test2 -->
  <testcase classname="ninjaCRM.ExampleTest" name="test1" time="0.013">
    <system-out>
      <![CDATA[Test1]]>
    </system-out>
  </testcase> <!-- test1 -->
  <system-out>
    <![CDATA[Before suite
Before Test
Before Class 1
Before Class 2
Before Method
Test1
After Method
Before Method
Test2
After Method
After Class 1
After Class 2
after Test
After Suite]]>
  </system-out>
</testsuite> <!-- ninjaCRM.ExampleTest -->
