<?xml version="1.0" encoding="UTF-8"?>
<!-- Generated by org.testng.reporters.JUnitReportReporter -->
<testsuite hostname="LAPTOP-OSP7GU8K" failures="0" tests="5" name="campaignTest.CreateCampaign_Test" time="35.229" errors="0" timestamp="2025-11-03T20:30:51 IST" skipped="0">
  <testcase classname="campaignTest.CreateCampaign_Test" name="CreateCampaign_With_MandatoryFields_Test" time="6.874"/>
  <testcase classname="campaignTest.CreateCampaign_Test" name="CreateCampaign_With_status_Test" time="7.730"/>
  <testcase classname="campaignTest.CreateCampaign_Test" name="Test" time="4.267"/>
  <testcase classname="campaignTest.CreateCampaign_Test" name="CreateCampaign_With_ExpectedCloseDate_Test" time="6.682"/>
  <testcase classname="campaignTest.CreateCampaign_Test" name="CreateCampaign_CompleteTest" time="9.676"/>
  <system-out>
    <![CDATA[Launching the Browser
Driver Quit]]>
  </system-out>
</testsuite> <!-- campaignTest.CreateCampaign_Test -->
