<?xml version="1.0" encoding="UTF-8"?>
<!-- Generated by org.testng.reporters.JUnitReportReporter -->
<testsuite hostname="LAPTOP-OSP7GU8K" failures="0" tests="5" name="ninjaCRM.WorkingWithDataProvider" time="128.957" errors="0" timestamp="2025-10-27T19:50:46 IST" skipped="0">
  <testcase classname="ninjaCRM.WorkingWithDataProvider" name="login" time="11.123"/>
  <testcase classname="ninjaCRM.WorkingWithDataProvider" name="login" time="42.921"/>
  <testcase classname="ninjaCRM.WorkingWithDataProvider" name="login" time="33.022"/>
  <testcase classname="ninjaCRM.WorkingWithDataProvider" name="login" time="16.727"/>
  <testcase classname="ninjaCRM.WorkingWithDataProvider" name="login" time="25.164"/>
</testsuite> <!-- ninjaCRM.WorkingWithDataProvider -->
