<?xml version="1.0" encoding="UTF-8"?>
<!-- Generated by org.testng.reporters.JUnitReportReporter -->
<testsuite hostname="LAPTOP-OSP7GU8K" failures="0" tests="2" name="ninjaCRM.Newtest" time="0.015" errors="0" timestamp="2025-10-25T20:20:30 IST" skipped="0">
  <testcase classname="ninjaCRM.Newtest" name="testcreation" time="0.014">
    <system-out>
      <![CDATA[Test Creation]]>
    </system-out>
  </testcase> <!-- testcreation -->
  <testcase classname="ninjaCRM.Newtest" name="TestDeletion" time="0.001">
    <system-out>
      <![CDATA[Test Deletion]]>
    </system-out>
  </testcase> <!-- TestDeletion -->
  <system-out>
    <![CDATA[Test Creation
Test Deletion]]>
  </system-out>
</testsuite> <!-- ninjaCRM.Newtest -->
