<?xml version="1.0" encoding="UTF-8"?>
<!-- Generated by org.testng.reporters.JUnitReportReporter -->
<testsuite hostname="LAPTOP-OSP7GU8K" failures="0" tests="10" name="productTest.CreateProductTest" time="59.767" errors="0" timestamp="2025-11-11T23:45:09 IST" skipped="0">
  <testcase classname="productTest.CreateProductTest" name="Createproduct_with_MandatoryFields_SelectcategoryByValue_Test" time="7.176"/>
  <testcase classname="productTest.CreateProductTest" name="Createproduct_with_MandatoryFields_SelectcategoryByIndex_Test" time="5.310"/>
  <testcase classname="productTest.CreateProductTest" name="CreateProduct_With_MandatoryFields_Test" time="8.562"/>
  <testcase classname="productTest.CreateProductTest" name="CreateProduct_with_EmptyFields_Test" time="6.139"/>
  <testcase classname="productTest.CreateProductTest" name="CreateProduct_with_ProductCategory_Test" time="4.644"/>
  <testcase classname="productTest.CreateProductTest" name="Test" time="3.649"/>
  <testcase classname="productTest.CreateProductTest" name="CreateProduct_with_Productname_Test" time="5.934"/>
  <testcase classname="productTest.CreateProductTest" name="Createproduct_with_EmptyUnitField_Test" time="6.164"/>
  <testcase classname="productTest.CreateProductTest" name="CreateProductFieldType_Test" time="4.683"/>
  <testcase classname="productTest.CreateProductTest" name="CreateProduct_with_Quantity_Test" time="7.506"/>
  <system-out>
    <![CDATA[Launching the Browser
Driver Quit]]>
  </system-out>
</testsuite> <!-- productTest.CreateProductTest -->
