<?xml version="1.0" encoding="UTF-8"?>
<!-- Generated by org.testng.reporters.JUnitReportReporter -->
<testsuite hostname="LAPTOP-OSP7GU8K" failures="0" tests="1" name="ninjaCRM.Testng" time="0.009" errors="0" timestamp="2025-10-23T19:55:10 IST" skipped="0">
  <testcase classname="ninjaCRM.Testng" name="testdata" time="0.009">
    <system-out>
      <![CDATA[hello world]]>
    </system-out>
  </testcase> <!-- testdata -->
  <system-out>
    <![CDATA[hello world]]>
  </system-out>
</testsuite> <!-- ninjaCRM.Testng -->
